<?xml version="1.0" encoding="UTF-8"?>
<!-- Generated by org.testng.reporters.JUnitReportReporter -->
<testsuite skipped="0" hostname="DESKTOP-99DE6OF" name="tests.BlogTest" tests="1" failures="0" timestamp="07 Aug 2018 18:01:27 GMT" time="4.524" errors="0">
  <testcase name="NoResultsFound" time="4.524" classname="tests.BlogTest"/>
</testsuite> <!-- tests.BlogTest -->
