<?xml version="1.0" encoding="UTF-8"?>
<!-- Generated by org.testng.reporters.JUnitReportReporter -->
<testsuite skipped="0" hostname="DESKTOP-99DE6OF" name="tests.LoginTest" tests="1" failures="0" timestamp="06 Jul 2018 21:01:06 GMT" time="17.245" errors="0">
  <testcase name="CorrectLogin" time="17.245" classname="tests.LoginTest"/>
</testsuite> <!-- tests.LoginTest -->
