<?xml version="1.0" encoding="UTF-8"?>
<!-- Generated by org.testng.reporters.JUnitReportReporter -->
<testsuite skipped="1" hostname="DESKTOP-99DE6OF" name="tests.FlightTest" tests="2" failures="0" timestamp="10 Jul 2018 22:07:29 GMT" time="20.827" errors="0">
  <testcase name="bookAFlight" time="20.827" classname="tests.FlightTest"/>
  <testcase name="displayDetails" classname="tests.FlightTest">
    <skipped/>
  </testcase> <!-- displayDetails -->
</testsuite> <!-- tests.FlightTest -->
