<?xml version="1.0" encoding="UTF-8"?>
<!-- Generated by org.testng.reporters.JUnitReportReporter -->
<testsuite skipped="0" hostname="DESKTOP-99DE6OF" name="tests.TourTest" tests="1" failures="0" timestamp="10 Jul 2018 22:49:37 GMT" time="4.736" errors="0">
  <testcase name="alertIsDisplayed" time="4.736" classname="tests.TourTest"/>
</testsuite> <!-- tests.TourTest -->
