<?xml version="1.0" encoding="UTF-8"?>
<!-- Generated by org.testng.reporters.JUnitReportReporter -->
<testsuite skipped="1" hostname="DESKTOP-99DE6OF" name="tests.CarTest" tests="2" failures="0" timestamp="11 Jul 2018 16:31:12 GMT" time="5.739" errors="0">
  <testcase name="filterByStarGrade" time="5.739" classname="tests.CarTest"/>
  <testcase name="showCarsMap" classname="tests.CarTest">
    <skipped/>
  </testcase> <!-- showCarsMap -->
</testsuite> <!-- tests.CarTest -->
