<?xml version="1.0" encoding="UTF-8"?>
<!-- Generated by org.testng.reporters.JUnitReportReporter -->
<testsuite skipped="3" hostname="DESKTOP-99DE6OF" name="tests.HotelTest" tests="4" failures="0" timestamp="12 Jul 2018 17:48:08 GMT" time="52.416" errors="0">
  <testcase name="AddHotelToWishList" time="52.416" classname="tests.HotelTest"/>
  <testcase name="validateCheckIn_CheckOutDays" classname="tests.HotelTest">
    <skipped/>
  </testcase> <!-- validateCheckIn_CheckOutDays -->
  <testcase name="filterByMultipleProperties" classname="tests.HotelTest">
    <skipped/>
  </testcase> <!-- filterByMultipleProperties -->
  <testcase name="filterByProperty" classname="tests.HotelTest">
    <skipped/>
  </testcase> <!-- filterByProperty -->
</testsuite> <!-- tests.HotelTest -->
