<?xml version="1.0" encoding="UTF-8"?>
<!-- Generated by org.testng.reporters.JUnitReportReporter -->
<testsuite skipped="0" hostname="DESKTOP-99DE6OF" name="tests.TourTest" tests="1" failures="0" timestamp="11 Jul 2018 14:48:33 GMT" time="8.116" errors="0">
  <testcase name="alertIsDisplayed" time="8.116" classname="tests.TourTest"/>
</testsuite> <!-- tests.TourTest -->
