<?xml version="1.0" encoding="UTF-8"?>
<!-- Generated by org.testng.reporters.JUnitReportReporter -->
<testsuite skipped="0" hostname="DESKTOP-99DE6OF" name="tests.HotelTest" tests="1" failures="0" timestamp="10 Jul 2018 16:01:40 GMT" time="57.443" errors="0">
  <testcase name="AddHotelToWishList" time="57.443" classname="tests.HotelTest"/>
</testsuite> <!-- tests.HotelTest -->
