<?xml version="1.0" encoding="UTF-8"?>
<!-- Generated by org.testng.reporters.JUnitReportReporter -->
<testsuite skipped="1" hostname="DESKTOP-99DE6OF" name="tests.VisaTest" tests="2" failures="0" timestamp="11 Jul 2018 22:21:03 GMT" time="12.711" errors="0">
  <testcase name="removeApplicant" time="12.711" classname="tests.VisaTest"/>
  <testcase name="payUsingPaypal" classname="tests.VisaTest">
    <skipped/>
  </testcase> <!-- payUsingPaypal -->
</testsuite> <!-- tests.VisaTest -->
