<?xml version="1.0" encoding="UTF-8"?>
<!-- Generated by org.testng.reporters.JUnitReportReporter -->
<testsuite skipped="0" hostname="DESKTOP-99DE6OF" name="tests.TourTest" tests="1" failures="0" timestamp="11 Jul 2018 14:24:08 GMT" time="9.573" errors="0">
  <testcase name="alertIsDisplayed" time="9.573" classname="tests.TourTest"/>
</testsuite> <!-- tests.TourTest -->
