<?xml version="1.0" encoding="UTF-8"?>
<!-- Generated by org.testng.reporters.JUnitReportReporter -->
<testsuite skipped="0" hostname="DESKTOP-99DE6OF" name="tests.LoginTest" tests="1" failures="0" timestamp="06 Jul 2018 20:25:01 GMT" time="6.753" errors="0">
  <testcase name="CorrectLogin" time="6.753" classname="tests.LoginTest"/>
</testsuite> <!-- tests.LoginTest -->
